# JRE version: Java(TM) SE Runtime Environment (8.0_191-b12) (build 1.8.0_191-b12)
# Java VM: Java HotSpot(TM) 64-Bit Server VM (25.191-b12 mixed mode windows-amd64 compressed oops)
Heap:
 PSYoungGen      total 237568K, used 56097K [0x00000000d7200000, 0x00000000e6f00000, 0x0000000100000000)
  eden space 220160K, 17% used [0x00000000d7200000,0x00000000d9858760,0x00000000e4900000)
  from space 17408K, 96% used [0x00000000e5d00000,0x00000000e6d6fe98,0x00000000e6e00000)
  to   space 19456K, 0% used [0x00000000e4900000,0x00000000e4900000,0x00000000e5c00000)
 ParOldGen       total 98816K, used 22890K [0x0000000085600000, 0x000000008b680000, 0x00000000d7200000)
  object space 98816K, 23% used [0x0000000085600000,0x0000000086c5aae0,0x000000008b680000)
 Metaspace       used 56237K, capacity 58980K, committed 59096K, reserved 1099776K
  class space    used 7877K, capacity 8393K, committed 8448K, reserved 1048576K
GC Heap History (10 events):
Event: 11.448 GC heap before
{Heap before GC invocations=10 (full 1):
 PSYoungGen      total 148992K, used 56963K [0x00000000d7200000, 0x00000000e4200000, 0x0000000100000000)
  eden space 139776K, 34% used [0x00000000d7200000,0x00000000da0a3a90,0x00000000dfa80000)
  from space 9216K, 99% used [0x00000000e0700000,0x00000000e0ffd358,0x00000000e1000000)
  to   space 12800K, 0% used [0x00000000dfa80000,0x00000000dfa80000,0x00000000e0700000)
 ParOldGen       total 57856K, used 14257K [0x0000000085600000, 0x0000000088e80000, 0x00000000d7200000)
  object space 57856K, 24% used [0x0000000085600000,0x00000000863ec4a8,0x0000000088e80000)
 Metaspace       used 33739K, capacity 35344K, committed 35456K, reserved 1079296K
  class space    used 4577K, capacity 4901K, committed 4992K, reserved 1048576K
Event: 11.470 GC heap after
Heap after GC invocations=10 (full 1):
 PSYoungGen      total 152576K, used 12792K [0x00000000d7200000, 0x00000000e4800000, 0x0000000100000000)
  eden space 139776K, 0% used [0x00000000d7200000,0x00000000d7200000,0x00000000dfa80000)
  from space 12800K, 99% used [0x00000000dfa80000,0x00000000e06fe398,0x00000000e0700000)
  to   space 16384K, 0% used [0x00000000e3800000,0x00000000e3800000,0x00000000e4800000)
 ParOldGen       total 57856K, used 18113K [0x0000000085600000, 0x0000000088e80000, 0x00000000d7200000)
  object space 57856K, 31% used [0x0000000085600000,0x00000000867b0680,0x0000000088e80000)
 Metaspace       used 33739K, capacity 35344K, committed 35456K, reserved 1079296K
  class space    used 4577K, capacity 4901K, committed 4992K, reserved 1048576K
}
Event: 11.470 GC heap before
{Heap before GC invocations=11 (full 2):
 PSYoungGen      total 152576K, used 12792K [0x00000000d7200000, 0x00000000e4800000, 0x0000000100000000)
  eden space 139776K, 0% used [0x00000000d7200000,0x00000000d7200000,0x00000000dfa80000)
  from space 12800K, 99% used [0x00000000dfa80000,0x00000000e06fe398,0x00000000e0700000)
  to   space 16384K, 0% used [0x00000000e3800000,0x00000000e3800000,0x00000000e4800000)
 ParOldGen       total 57856K, used 18113K [0x0000000085600000, 0x0000000088e80000, 0x00000000d7200000)
  object space 57856K, 31% used [0x0000000085600000,0x00000000867b0680,0x0000000088e80000)
 Metaspace       used 33739K, capacity 35344K, committed 35456K, reserved 1079296K
  class space    used 4577K, capacity 4901K, committed 4992K, reserved 1048576K
Event: 11.597 GC heap after
Heap after GC invocations=11 (full 2):
 PSYoungGen      total 152576K, used 0K [0x00000000d7200000, 0x00000000e4800000, 0x0000000100000000)
  eden space 139776K, 0% used [0x00000000d7200000,0x00000000d7200000,0x00000000dfa80000)
  from space 12800K, 0% used [0x00000000dfa80000,0x00000000dfa80000,0x00000000e0700000)
  to   space 16384K, 0% used [0x00000000e3800000,0x00000000e3800000,0x00000000e4800000)
 ParOldGen       total 98816K, used 22850K [0x0000000085600000, 0x000000008b680000, 0x00000000d7200000)
  object space 98816K, 23% used [0x0000000085600000,0x0000000086c50ad0,0x000000008b680000)
 Metaspace       used 33739K, capacity 35344K, committed 35456K, reserved 1079296K
  class space    used 4577K, capacity 4901K, committed 4992K, reserved 1048576K
}
Event: 15.031 GC heap before
{Heap before GC invocations=12 (full 2):
 PSYoungGen      total 152576K, used 139776K [0x00000000d7200000, 0x00000000e4800000, 0x0000000100000000)
  eden space 139776K, 100% used [0x00000000d7200000,0x00000000dfa80000,0x00000000dfa80000)
  from space 12800K, 0% used [0x00000000dfa80000,0x00000000dfa80000,0x00000000e0700000)
  to   space 16384K, 0% used [0x00000000e3800000,0x00000000e3800000,0x00000000e4800000)
 ParOldGen       total 98816K, used 22850K [0x0000000085600000, 0x000000008b680000, 0x00000000d7200000)
  object space 98816K, 23% used [0x0000000085600000,0x0000000086c50ad0,0x000000008b680000)
 Metaspace       used 37363K, capacity 39302K, committed 39552K, reserved 1083392K
  class space    used 5076K, capacity 5456K, committed 5504K, reserved 1048576K
Event: 15.043 GC heap after
Heap after GC invocations=12 (full 2):
 PSYoungGen      total 184320K, used 6184K [0x00000000d7200000, 0x00000000e3e80000, 0x0000000100000000)
  eden space 177664K, 0% used [0x00000000d7200000,0x00000000d7200000,0x00000000e1f80000)
  from space 6656K, 92% used [0x00000000e3800000,0x00000000e3e0a248,0x00000000e3e80000)
  to   space 15872K, 0% used [0x00000000e1f80000,0x00000000e1f80000,0x00000000e2f00000)
 ParOldGen       total 98816K, used 22858K [0x0000000085600000, 0x000000008b680000, 0x00000000d7200000)
  object space 98816K, 23% used [0x0000000085600000,0x0000000086c52ad0,0x000000008b680000)
 Metaspace       used 37363K, capacity 39302K, committed 39552K, reserved 1083392K
  class space    used 5076K, capacity 5456K, committed 5504K, reserved 1048576K
}
Event: 17.708 GC heap before
{Heap before GC invocations=13 (full 2):
 PSYoungGen      total 184320K, used 183848K [0x00000000d7200000, 0x00000000e3e80000, 0x0000000100000000)
  eden space 177664K, 100% used [0x00000000d7200000,0x00000000e1f80000,0x00000000e1f80000)
  from space 6656K, 92% used [0x00000000e3800000,0x00000000e3e0a248,0x00000000e3e80000)
  to   space 15872K, 0% used [0x00000000e1f80000,0x00000000e1f80000,0x00000000e2f00000)
 ParOldGen       total 98816K, used 22858K [0x0000000085600000, 0x000000008b680000, 0x00000000d7200000)
  object space 98816K, 23% used [0x0000000085600000,0x0000000086c52ad0,0x000000008b680000)
 Metaspace       used 47224K, capacity 49344K, committed 49664K, reserved 1091584K
  class space    used 6470K, capacity 6893K, committed 6912K, reserved 1048576K
Event: 17.729 GC heap after
Heap after GC invocations=13 (full 2):
 PSYoungGen      total 193536K, used 14890K [0x00000000d7200000, 0x00000000e6e00000, 0x0000000100000000)
  eden space 177664K, 0% used [0x00000000d7200000,0x00000000d7200000,0x00000000e1f80000)
  from space 15872K, 93% used [0x00000000e1f80000,0x00000000e2e0a938,0x00000000e2f00000)
  to   space 17408K, 0% used [0x00000000e5d00000,0x00000000e5d00000,0x00000000e6e00000)
 ParOldGen       total 98816K, used 22866K [0x0000000085600000, 0x000000008b680000, 0x00000000d7200000)
  object space 98816K, 23% used [0x0000000085600000,0x0000000086c54ad0,0x000000008b680000)
 Metaspace       used 47224K, capacity 49344K, committed 49664K, reserved 1091584K
  class space    used 6470K, capacity 6893K, committed 6912K, reserved 1048576K
}
Event: 21.864 GC heap before
{Heap before GC invocations=14 (full 2):
 PSYoungGen      total 193536K, used 192554K [0x00000000d7200000, 0x00000000e6e00000, 0x0000000100000000)
  eden space 177664K, 100% used [0x00000000d7200000,0x00000000e1f80000,0x00000000e1f80000)
  from space 15872K, 93% used [0x00000000e1f80000,0x00000000e2e0a938,0x00000000e2f00000)
  to   space 17408K, 0% used [0x00000000e5d00000,0x00000000e5d00000,0x00000000e6e00000)
 ParOldGen       total 98816K, used 22866K [0x0000000085600000, 0x000000008b680000, 0x00000000d7200000)
  object space 98816K, 23% used [0x0000000085600000,0x0000000086c54ad0,0x000000008b680000)
 Metaspace       used 54671K, capacity 57308K, committed 57600K, reserved 1099776K
  class space    used 7652K, capacity 8145K, committed 8192K, reserved 1048576K
Event: 21.887 GC heap after
Heap after GC invocations=14 (full 2):
 PSYoungGen      total 237568K, used 16831K [0x00000000d7200000, 0x00000000e6f00000, 0x0000000100000000)
  eden space 220160K, 0% used [0x00000000d7200000,0x00000000d7200000,0x00000000e4900000)
  from space 17408K, 96% used [0x00000000e5d00000,0x00000000e6d6fe98,0x00000000e6e00000)
  to   space 19456K, 0% used [0x00000000e4900000,0x00000000e4900000,0x00000000e5c00000)
 ParOldGen       total 98816K, used 22890K [0x0000000085600000, 0x000000008b680000, 0x00000000d7200000)
  object space 98816K, 23% used [0x0000000085600000,0x0000000086c5aae0,0x000000008b680000)
 Metaspace       used 54671K, capacity 57308K, committed 57600K, reserved 1099776K
  class space    used 7652K, capacity 8145K, committed 8192K, reserved 1048576K
}

